<?xml version="1.0" encoding="UTF-8"?>
<!-- Generated by org.testng.reporters.JUnitXMLReporter -->
<testsuite ignored="0" hostname="LAPTOP-MBA27H4H" failures="0" tests="7" name="Default test" time="265.275" errors="0" timestamp="2024-06-14T18:55:40 IST">
  <testcase classname="hierarchy_test.ViewPageCoverageTest" name="navigateToHierachyConfirmedCoveragePage" time="55.839"/>
  <testcase classname="hierarchy_test.ViewPageCoverageTest" name="settingUpAndRemovingOfCoverage" time="24.225"/>
  <testcase classname="hierarchy_test.ViewPageCoverageTest" name="settingUpAndRemovingOfCoverage" time="21.06"/>
  <testcase classname="hierarchy_test.ViewPageCoverageTest" name="sortFunction" time="45.077"/>
  <testcase classname="hierarchy_test.ViewPageCoverageTest" name="filterFunction" time="45.482"/>
  <testcase classname="hierarchy_test.ViewPageCoverageTest" name="sortFunctionMapPage" time="28.585"/>
  <testcase classname="hierarchy_test.ViewPageCoverageTest" name="filterMapFunction" time="44.907"/>
</testsuite> <!-- Default test -->
