<?xml version="1.0" encoding="UTF-8"?>
<testng-results ignored="0" total="7" passed="7" failed="0" skipped="0">
  <reporter-output>
    <line>
      <![CDATA[Successfully logged in]]>
    </line>
  </reporter-output>
  <suite started-at="2024-06-14T18:51:15 IST" name="Default suite" finished-at="2024-06-14T18:55:40 IST" duration-ms="265275">
    <groups>
    </groups>
    <test started-at="2024-06-14T18:51:15 IST" name="Default test" finished-at="2024-06-14T18:55:40 IST" duration-ms="265275">
      <class name="hierarchy_test.ViewPageCoverageTest">
        <test-method signature="navigateToHierachyConfirmedCoveragePage()[pri:1, instance:hierarchy_test.ViewPageCoverageTest@15deb1dc]" started-at="2024-06-14T18:51:15 IST" name="navigateToHierachyConfirmedCoveragePage" finished-at="2024-06-14T18:52:11 IST" duration-ms="55839" status="PASS">
          <reporter-output>
            <line>
              <![CDATA[Successfully logged in]]>
            </line>
          </reporter-output>
        </test-method> <!-- navigateToHierachyConfirmedCoveragePage -->
        <test-method signature="settingUpAndRemovingOfCoverage()[pri:2, instance:hierarchy_test.ViewPageCoverageTest@15deb1dc]" started-at="2024-06-14T18:52:11 IST" name="settingUpAndRemovingOfCoverage" finished-at="2024-06-14T18:52:35 IST" duration-ms="24225" status="PASS">
          <reporter-output>
          </reporter-output>
        </test-method> <!-- settingUpAndRemovingOfCoverage -->
        <test-method signature="settingUpAndRemovingOfCoverage()[pri:2, instance:hierarchy_test.ViewPageCoverageTest@15deb1dc]" started-at="2024-06-14T18:52:35 IST" name="settingUpAndRemovingOfCoverage" finished-at="2024-06-14T18:52:56 IST" duration-ms="21060" status="PASS">
          <reporter-output>
          </reporter-output>
        </test-method> <!-- settingUpAndRemovingOfCoverage -->
        <test-method signature="sortFunction()[pri:3, instance:hierarchy_test.ViewPageCoverageTest@15deb1dc]" started-at="2024-06-14T18:52:56 IST" name="sortFunction" finished-at="2024-06-14T18:53:41 IST" duration-ms="45077" status="PASS">
          <reporter-output>
          </reporter-output>
        </test-method> <!-- sortFunction -->
        <test-method signature="filterFunction()[pri:4, instance:hierarchy_test.ViewPageCoverageTest@15deb1dc]" started-at="2024-06-14T18:53:41 IST" name="filterFunction" finished-at="2024-06-14T18:54:27 IST" duration-ms="45482" status="PASS">
          <reporter-output>
          </reporter-output>
        </test-method> <!-- filterFunction -->
        <test-method signature="sortFunctionMapPage()[pri:5, instance:hierarchy_test.ViewPageCoverageTest@15deb1dc]" started-at="2024-06-14T18:54:27 IST" name="sortFunctionMapPage" finished-at="2024-06-14T18:54:55 IST" duration-ms="28585" status="PASS">
          <reporter-output>
          </reporter-output>
        </test-method> <!-- sortFunctionMapPage -->
        <test-method signature="filterMapFunction()[pri:6, instance:hierarchy_test.ViewPageCoverageTest@15deb1dc]" started-at="2024-06-14T18:54:55 IST" name="filterMapFunction" finished-at="2024-06-14T18:55:40 IST" duration-ms="44907" status="PASS">
          <reporter-output>
          </reporter-output>
        </test-method> <!-- filterMapFunction -->
      </class> <!-- hierarchy_test.ViewPageCoverageTest -->
    </test> <!-- Default test -->
  </suite> <!-- Default suite -->
</testng-results>
